2025-11-25 11:06:16,049 - INFO - Vault initialized.
2025-11-25 11:08:00,503 - INFO - Vault unlocked successfully.
2025-11-25 11:08:19,472 - INFO - Entry added: Python
2025-11-25 11:08:46,984 - INFO - Vault unlocked successfully.
2025-11-25 11:08:46,984 - INFO - Entries retrieved. Count: 1
2025-11-25 11:12:44,469 - INFO - Vault unlocked successfully.
2025-11-25 11:13:18,240 - INFO - Entry added: name
2025-11-25 11:14:32,537 - INFO - Vault unlocked successfully.
2025-11-25 11:14:32,538 - INFO - Entries retrieved. Count: 1
2025-11-25 11:15:20,535 - INFO - Vault unlocked successfully.
2025-11-25 11:15:20,535 - INFO - Entries retrieved. Count: 1
2025-11-25 11:17:14,030 - INFO - Vault unlocked successfully.
2025-11-25 11:18:41,792 - INFO - Vault unlocked successfully.
2025-11-25 11:19:30,052 - INFO - Vault unlocked successfully.
2025-11-25 11:19:30,054 - INFO - Batch import: 3 entries.
2025-11-25 11:20:38,054 - INFO - Vault unlocked successfully.
2025-11-25 11:20:38,054 - INFO - Security report generated.
2025-11-25 11:25:12,845 - INFO - Vault unlocked successfully.
2025-11-25 11:26:40,037 - INFO - Vault unlocked successfully.
2025-11-25 11:26:40,038 - INFO - Vault exported to my_notes.json
2025-11-25 17:27:45,643 - INFO - Vault unlocked successfully.
2025-11-25 17:37:49,123 - INFO - Entry added: My Secret
2025-11-25 17:39:26,796 - INFO - Vault unlocked successfully.
2025-11-25 17:39:26,796 - INFO - Entries retrieved. Count: 6
2025-11-25 17:39:41,835 - INFO - Vault unlocked successfully.
2025-11-25 17:39:41,836 - INFO - Vault exported to my_notes.json
2025-11-25 17:41:46,242 - INFO - Vault unlocked successfully.
2025-11-25 17:41:46,242 - INFO - Entries retrieved. Count: 6
2025-11-25 17:43:44,589 - INFO - Vault initialized.
2025-11-25 17:49:10,424 - INFO - Vault unlocked successfully.
2025-11-25 17:49:40,916 - INFO - Entry added: varad
2025-11-25 20:57:16,686 - INFO - Vault unlocked successfully.
2025-11-25 20:58:02,832 - INFO - Entry added: Python
2025-11-25 20:58:15,029 - INFO - Vault unlocked successfully.
2025-11-25 20:58:15,029 - INFO - Entries retrieved. Count: 2
2025-11-25 20:59:03,280 - INFO - Vault unlocked successfully.
2025-11-25 20:59:03,281 - INFO - Entries retrieved. Count: 0
2025-11-25 20:59:21,161 - INFO - Vault unlocked successfully.
2025-11-25 20:59:21,161 - INFO - Entries retrieved. Count: 1
2025-11-25 20:59:48,278 - INFO - Vault unlocked successfully.
2025-11-25 20:59:48,278 - INFO - Entries retrieved. Count: 0
2025-11-25 21:00:12,338 - INFO - Vault unlocked successfully.
2025-11-25 21:00:12,338 - INFO - Entries retrieved. Count: 0
2025-11-25 21:12:04,333 - INFO - Failed login attempt.
2025-11-25 21:14:18,800 - INFO - Vault unlocked successfully.
2025-11-25 21:14:18,800 - INFO - Entries retrieved. Count: 2
2025-11-25 21:14:31,138 - INFO - Vault unlocked successfully.
2025-11-25 21:14:31,138 - INFO - Entries retrieved. Count: 1
2025-11-25 21:15:57,216 - INFO - Vault unlocked successfully.
2025-11-25 21:16:18,087 - INFO - Entry added: Guthal
2025-11-25 21:16:46,549 - INFO - Vault unlocked successfully.
2025-11-25 21:16:46,549 - INFO - Entries retrieved. Count: 3
2025-11-25 21:17:36,282 - INFO - Vault unlocked successfully.
2025-11-25 21:17:36,283 - INFO - Entries retrieved. Count: 1
2025-11-25 21:18:00,962 - INFO - Vault unlocked successfully.
2025-11-25 21:18:00,962 - INFO - Vault exported to my_notes.json
2025-11-25 23:05:21,918 - INFO - Vault unlocked successfully.
2025-11-25 23:05:28,492 - INFO - Entry added: this is a title
2025-11-25 23:06:10,368 - INFO - Vault unlocked successfully.
2025-11-25 23:06:10,369 - INFO - Vault exported to my_notes.json
2025-11-25 23:06:39,227 - INFO - Failed login attempt.
2025-11-25 23:06:41,788 - INFO - Vault unlocked successfully.
2025-11-25 23:06:41,788 - INFO - Vault exported to my_notes.json
2025-11-25 23:08:31,440 - INFO - Vault unlocked successfully.
2025-11-25 23:08:31,441 - INFO - Vault exported to my_notes.json
2025-11-25 23:08:51,848 - INFO - Vault unlocked successfully.
2025-11-25 23:08:56,026 - INFO - Entry added: this is a title
2025-11-25 23:09:05,245 - INFO - Vault unlocked successfully.
2025-11-25 23:09:05,246 - INFO - Vault exported to my_notes.json
2025-11-26 14:56:52,842 - INFO - Vault unlocked successfully.
2025-11-26 14:58:35,233 - INFO - Entry added: DSA
2025-11-26 15:02:20,090 - INFO - Vault unlocked successfully.
2025-11-26 15:02:20,091 - INFO - Vault exported to my_notes.json
2025-11-26 15:07:39,387 - INFO - Vault unlocked successfully.
2025-11-26 15:07:39,389 - INFO - Entries retrieved. Count: 2
2025-11-26 15:08:04,680 - INFO - Vault unlocked successfully.
2025-11-26 15:08:04,680 - INFO - Entries retrieved. Count: 1
2025-11-26 15:31:11,655 - INFO - Vault unlocked successfully.
2025-11-26 15:31:39,388 - INFO - Entry added: Python1
2025-11-26 15:32:37,269 - INFO - Vault unlocked successfully.
2025-11-26 15:32:37,269 - INFO - Entries retrieved. Count: 1
2025-11-26 15:34:44,301 - INFO - Vault unlocked successfully.
2025-11-26 15:34:44,302 - INFO - Entries retrieved. Count: 2
